<?xml version="1.0" encoding="UTF-8"?>
<testng-results ignored="0" total="5" passed="5" failed="0" skipped="0">
  <reporter-output>
  </reporter-output>
  <suite started-at="2023-07-09T11:40:11 IST" name="Default suite" finished-at="2023-07-09T11:41:05 IST" duration-ms="53929">
    <groups>
      <group name="cucumber">
        <method signature="AbstractTestNGCucumberTests.runScenario(io.cucumber.testng.PickleWrapper,io.cucumber.testng.FeatureWrapper)[pri:0, instance:runner.TestRunner@1ff4931d]" name="runScenario" class="io.cucumber.testng.AbstractTestNGCucumberTests"/>
      </group> <!-- cucumber -->
    </groups>
    <test started-at="2023-07-09T11:40:11 IST" name="Default test" finished-at="2023-07-09T11:41:05 IST" duration-ms="53929">
      <class name="runner.TestRunner">
        <test-method is-config="true" signature="setUpClass(org.testng.ITestContext)[pri:0, instance:runner.TestRunner@1ff4931d]" started-at="2023-07-09T11:40:11 IST" name="setUpClass" finished-at="2023-07-09T11:40:13 IST" duration-ms="2040" status="PASS">
          <params>
            <param index="0">
              <value>
                <![CDATA[org.testng.TestRunner@64c8fcfb]]>
              </value>
            </param>
          </params>
          <reporter-output>
          </reporter-output>
        </test-method> <!-- setUpClass -->
        <test-method signature="runScenario(io.cucumber.testng.PickleWrapper,io.cucumber.testng.FeatureWrapper)[pri:0, instance:runner.TestRunner@1ff4931d]" started-at="2023-07-09T11:40:13 IST" name="runScenario" description="Runs Cucumber Scenarios" data-provider="scenarios" finished-at="2023-07-09T11:40:29 IST" duration-ms="15811" status="PASS">
          <params>
            <param index="0">
              <value>
                <![CDATA["Add your Information"]]>
              </value>
            </param>
            <param index="1">
              <value>
                <![CDATA["AddInformation"]]>
              </value>
            </param>
          </params>
          <reporter-output>
          </reporter-output>
        </test-method> <!-- runScenario -->
        <test-method signature="runScenario(io.cucumber.testng.PickleWrapper,io.cucumber.testng.FeatureWrapper)[pri:0, instance:runner.TestRunner@1ff4931d]" started-at="2023-07-09T11:40:29 IST" name="runScenario" description="Runs Cucumber Scenarios" data-provider="scenarios" finished-at="2023-07-09T11:40:37 IST" duration-ms="8325" status="PASS">
          <params>
            <param index="0">
              <value>
                <![CDATA["Continue for checkout"]]>
              </value>
            </param>
            <param index="1">
              <value>
                <![CDATA["CheckOut"]]>
              </value>
            </param>
          </params>
          <reporter-output>
          </reporter-output>
        </test-method> <!-- runScenario -->
        <test-method signature="runScenario(io.cucumber.testng.PickleWrapper,io.cucumber.testng.FeatureWrapper)[pri:0, instance:runner.TestRunner@1ff4931d]" started-at="2023-07-09T11:40:37 IST" name="runScenario" description="Runs Cucumber Scenarios" data-provider="scenarios" finished-at="2023-07-09T11:40:47 IST" duration-ms="10256" status="PASS">
          <params>
            <param index="0">
              <value>
                <![CDATA["finilize order"]]>
              </value>
            </param>
            <param index="1">
              <value>
                <![CDATA["Finilize Order"]]>
              </value>
            </param>
          </params>
          <reporter-output>
          </reporter-output>
        </test-method> <!-- runScenario -->
        <test-method signature="runScenario(io.cucumber.testng.PickleWrapper,io.cucumber.testng.FeatureWrapper)[pri:0, instance:runner.TestRunner@1ff4931d]" started-at="2023-07-09T11:40:47 IST" name="runScenario" description="Runs Cucumber Scenarios" data-provider="scenarios" finished-at="2023-07-09T11:40:57 IST" duration-ms="9653" status="PASS">
          <params>
            <param index="0">
              <value>
                <![CDATA["Add to cart"]]>
              </value>
            </param>
            <param index="1">
              <value>
                <![CDATA["Inventory #geakinLangauge"]]>
              </value>
            </param>
          </params>
          <reporter-output>
          </reporter-output>
        </test-method> <!-- runScenario -->
        <test-method signature="runScenario(io.cucumber.testng.PickleWrapper,io.cucumber.testng.FeatureWrapper)[pri:0, instance:runner.TestRunner@1ff4931d]" started-at="2023-07-09T11:40:57 IST" name="runScenario" description="Runs Cucumber Scenarios" data-provider="scenarios" finished-at="2023-07-09T11:41:04 IST" duration-ms="6440" status="PASS">
          <params>
            <param index="0">
              <value>
                <![CDATA["Login with correct creditional"]]>
              </value>
            </param>
            <param index="1">
              <value>
                <![CDATA["Login #geakinLangauge"]]>
              </value>
            </param>
          </params>
          <reporter-output>
          </reporter-output>
        </test-method> <!-- runScenario -->
        <test-method is-config="true" signature="tearDownClass()[pri:0, instance:runner.TestRunner@1ff4931d]" started-at="2023-07-09T11:41:04 IST" name="tearDownClass" finished-at="2023-07-09T11:41:05 IST" duration-ms="1233" status="PASS">
          <reporter-output>
          </reporter-output>
        </test-method> <!-- tearDownClass -->
      </class> <!-- runner.TestRunner -->
    </test> <!-- Default test -->
  </suite> <!-- Default suite -->
</testng-results>
